<?xml version="1.0" encoding="UTF-8"?>
<!-- Generated by org.testng.reporters.JUnitReportReporter -->
<testsuite skipped="0" hostname="DESKTOP-HOU0PE6" name="Setup" tests="1" failures="0" timestamp="28 May 2018 04:04:21 GMT" time="14.303" errors="0">
  <testcase name="FileUpload" time="14.303" classname="Setup"/>
</testsuite> <!-- Setup -->
